<?xml version="1.0" encoding="UTF-8"?>
<testng-results skipped="0" failed="0" ignored="0" total="1" passed="1">
  <reporter-output>
  </reporter-output>
  <suite name="Default suite" duration-ms="4943" started-at="2018-04-11T20:13:23Z" finished-at="2018-04-11T20:13:28Z">
    <groups>
    </groups>
    <test name="Default test" duration-ms="4943" started-at="2018-04-11T20:13:23Z" finished-at="2018-04-11T20:13:28Z">
      <class name="test.TestToolingRetriever">
        <test-method status="PASS" signature="verifyToolingRetrieverFunctions()[pri:0, instance:test.TestToolingRetriever@6767c1fc]" name="verifyToolingRetrieverFunctions" duration-ms="4921" started-at="2018-04-11T20:13:23Z" finished-at="2018-04-11T20:13:28Z">
          <reporter-output>
          </reporter-output>
        </test-method> <!-- verifyToolingRetrieverFunctions -->
      </class> <!-- test.TestToolingRetriever -->
    </test> <!-- Default test -->
  </suite> <!-- Default suite -->
</testng-results>
